<?xml version="1.0" encoding="UTF-8"?>
<coverage generated="1720876116098" clover="3.2.0">
  <project timestamp="1720876116098" name="All files">
    <metrics statements="16" coveredstatements="12" conditionals="2" coveredconditionals="0" methods="4" coveredmethods="2" elements="22" coveredelements="14" complexity="0" loc="16" ncloc="16" packages="1" files="2" classes="2"/>
    <file name="hero.tsx" path="C:\Users\fz\Documents\Semester 4\SYNRGY\bcr-ch8\src\components\home\hero.tsx">
      <metrics statements="6" coveredstatements="5" conditionals="0" coveredconditionals="0" methods="2" coveredmethods="1"/>
      <line num="1" count="1" type="stmt"/>
      <line num="3" count="1" type="stmt"/>
      <line num="4" count="3" type="stmt"/>
      <line num="7" count="3" type="stmt"/>
      <line num="19" count="0" type="stmt"/>
      <line num="29" count="1" type="stmt"/>
    </file>
    <file name="navbar.tsx" path="C:\Users\fz\Documents\Semester 4\SYNRGY\bcr-ch8\src\components\home\navbar.tsx">
      <metrics statements="10" coveredstatements="7" conditionals="2" coveredconditionals="0" methods="2" coveredmethods="1"/>
      <line num="1" count="1" type="stmt"/>
      <line num="4" count="1" type="stmt"/>
      <line num="6" count="4" type="stmt"/>
      <line num="7" count="3" type="stmt"/>
      <line num="8" count="3" type="stmt"/>
      <line num="9" count="0" type="cond" truecount="0" falsecount="2"/>
      <line num="10" count="0" type="stmt"/>
      <line num="14" count="0" type="stmt"/>
      <line num="19" count="3" type="stmt"/>
      <line num="102" count="1" type="stmt"/>
    </file>
  </project>
</coverage>
