{"C:\\Users\\fz\\Documents\\Semester 4\\SYNRGY\\bcr-ch8\\src\\components\\home\\hero.tsx": {"path":"C:\\Users\\fz\\Documents\\Semester 4\\SYNRGY\\bcr-ch8\\src\\components\\home\\hero.tsx","statementMap":{"0":{"start":{"line":1,"column":0},"end":{"line":1,"column":43}},"1":{"start":{"line":3,"column":20},"end":{"line":28,"column":1}},"2":{"start":{"line":4,"column":21},"end":{"line":4,"column":34}},"3":{"start":{"line":7,"column":4},"end":{"line":27,"column":6}},"4":{"start":{"line":19,"column":43},"end":{"line":19,"column":60}},"5":{"start":{"line":29,"column":0},"end":{"line":29,"column":27}}},"fnMap":{"0":{"name":"(anonymous_0)","decl":{"start":{"line":3,"column":20},"end":{"line":3,"column":23}},"loc":{"start":{"line":3,"column":25},"end":{"line":28,"column":1}}},"1":{"name":"(anonymous_1)","decl":{"start":{"line":19,"column":37},"end":{"line":19,"column":40}},"loc":{"start":{"line":19,"column":43},"end":{"line":19,"column":60}}}},"branchMap":{},"s":{"0":1,"1":1,"2":3,"3":3,"4":0,"5":1},"f":{"0":3,"1":0},"b":{}}
,"C:\\Users\\fz\\Documents\\Semester 4\\SYNRGY\\bcr-ch8\\src\\components\\home\\navbar.tsx": {"path":"C:\\Users\\fz\\Documents\\Semester 4\\SYNRGY\\bcr-ch8\\src\\components\\home\\navbar.tsx","statementMap":{"0":{"start":{"line":1,"column":0},"end":{"line":1,"column":43}},"1":{"start":{"line":4,"column":19},"end":{"line":100,"column":1}},"2":{"start":{"line":6,"column":21},"end":{"line":6,"column":34}},"3":{"start":{"line":7,"column":18},"end":{"line":7,"column":47}},"4":{"start":{"line":8,"column":25},"end":{"line":17,"column":5}},"5":{"start":{"line":9,"column":8},"end":{"line":16,"column":9}},"6":{"start":{"line":10,"column":12},"end":{"line":10,"column":null}},"7":{"start":{"line":14,"column":12},"end":{"line":14,"column":null}},"8":{"start":{"line":19,"column":0},"end":{"line":99,"column":null}},"9":{"start":{"line":102,"column":0},"end":{"line":102,"column":26}}},"fnMap":{"0":{"name":"(anonymous_0)","decl":{"start":{"line":4,"column":19},"end":{"line":4,"column":22}},"loc":{"start":{"line":4,"column":24},"end":{"line":100,"column":1}}},"1":{"name":"(anonymous_1)","decl":{"start":{"line":8,"column":25},"end":{"line":8,"column":28}},"loc":{"start":{"line":8,"column":30},"end":{"line":17,"column":5}}}},"branchMap":{"0":{"loc":{"start":{"line":9,"column":8},"end":{"line":16,"column":9}},"type":"if","locations":[{"start":{"line":9,"column":8},"end":{"line":16,"column":9}},{"start":{"line":13,"column":13},"end":{"line":16,"column":9}}]}},"s":{"0":1,"1":1,"2":4,"3":3,"4":3,"5":0,"6":0,"7":0,"8":3,"9":1},"f":{"0":4,"1":0},"b":{"0":[0,0]}}
}
